2022-08-01 16:14:02,855 [      5]   WARN - j.u.prefs - Prefs file removed in background /root/.java/.userPrefs/prefs.xml
2022-08-01 16:14:09,192 [   6342]   WARN - #c.i.o.e.i.FontFamilyServiceImpl - Couldn't access required runtime API, will fall back to basic logic of font selection
2022-08-01 16:14:09,294 [   6444]   WARN - #c.i.n.i.NotificationGroupManagerImpl - Notification group CodeWithMe is already registered (group=com.intellij.notification.NotificationGroup@33cd52f6). Plugin descriptor: PluginDescriptor(name=Code With Me, id=com.jetbrains.codeWithMe, descriptorPath=plugin.xml, path=/opt/goland/plugins/cwm-plugin, version=222.3345.118, package=null, isBundled=true)
Info  | RdCoroutineScope          | 20:JobScheduler FJ pool 5/19 | RdCoroutineHost overridden 
2022-08-01 16:14:11,378 [   8528]   WARN - #c.i.o.a.i.ActionManagerImpl - keymap "Visual Studio" not found PluginDescriptor(name=IDEA CORE, id=com.intellij, descriptorPath=plugin.xml, path=/opt/goland/lib, version=222.3345.118, package=com.intellij.feedback, isBundled=true)
2022-08-01 16:14:11,381 [   8531]   WARN - #c.i.o.a.i.ActionManagerImpl - keymap "Eclipse" not found PluginDescriptor(name=IDEA CORE, id=com.intellij, descriptorPath=plugin.xml, path=/opt/goland/lib, version=222.3345.118, package=com.intellij.feedback, isBundled=true)
2022-08-01 16:14:11,381 [   8531]   WARN - #c.i.o.a.i.ActionManagerImpl - keymap "NetBeans 6.5" not found PluginDescriptor(name=IDEA CORE, id=com.intellij, descriptorPath=plugin.xml, path=/opt/goland/lib, version=222.3345.118, package=com.intellij.feedback, isBundled=true)
2022-08-01 16:14:11,381 [   8531]   WARN - #c.i.o.a.i.ActionManagerImpl - keymap "Visual Studio" not found PluginDescriptor(name=IDEA CORE, id=com.intellij, descriptorPath=plugin.xml, path=/opt/goland/lib, version=222.3345.118, package=com.intellij.feedback, isBundled=true)
2022-08-01 16:14:11,395 [   8545]   WARN - #c.i.o.a.i.ActionManagerImpl - keymap "Visual Studio" not found PluginDescriptor(name=HTML Tools, id=HtmlTools, descriptorPath=plugin.xml, path=/opt/goland/plugins/htmltools, version=222.3345.118, package=null, isBundled=true)
2022-08-01 16:14:11,396 [   8546]   WARN - #c.i.o.a.i.ActionManagerImpl - keymap "Eclipse" not found PluginDescriptor(name=GitHub, id=org.jetbrains.plugins.github, descriptorPath=plugin.xml, path=/opt/goland/plugins/github, version=222.3345.118, package=org.jetbrains.plugins.github, isBundled=true)
2022-08-01 16:14:11,398 [   8548]   WARN - #c.i.o.a.i.ActionManagerImpl - keymap "Eclipse" not found PluginDescriptor(name=Space, id=com.jetbrains.space, moduleName=intellij.space.vcs, descriptorPath=intellij.space.vcs.xml, path=/opt/goland/plugins/space, version=222.3345.118, package=com.intellij.space.vcs, isBundled=true)
2022-08-01 16:14:11,398 [   8548]   WARN - #c.i.o.a.i.ActionManagerImpl - keymap "Eclipse" not found PluginDescriptor(name=JavaScript and TypeScript, id=JavaScript, descriptorPath=plugin.xml, path=/opt/goland/plugins/JavaScriptLanguage, version=222.3345.118, package=null, isBundled=true)
2022-08-01 16:14:11,398 [   8548]   WARN - #c.i.o.a.i.ActionManagerImpl - keymap "Visual Studio" not found PluginDescriptor(name=JavaScript and TypeScript, id=JavaScript, descriptorPath=plugin.xml, path=/opt/goland/plugins/JavaScriptLanguage, version=222.3345.118, package=null, isBundled=true)
2022-08-01 16:14:11,439 [   8589]   WARN - #c.i.p.i.s.DefaultConfigurator - Bundled proto files directory is not found in local file system or is not accessible
WARNING: An illegal reflective access operation has occurred
WARNING: Illegal reflective access by com.jetbrains.C.C.x1 to method sun.net.dns.ResolverConfiguration.open()
WARNING: Please consider reporting this to the maintainers of com.jetbrains.C.C.x1
WARNING: Use --illegal-access=warn to enable warnings of further illegal reflective access operations
WARNING: All illegal access operations will be denied in a future release
2022-08-01 16:15:54,240 [    318]   WARN - #c.i.o.e.i.FontFamilyServiceImpl - Couldn't access required runtime API, will fall back to basic logic of font selection
2022-08-01 16:15:54,354 [    432]   WARN - #c.i.n.i.NotificationGroupManagerImpl - Notification group CodeWithMe is already registered (group=com.intellij.notification.NotificationGroup@76210890). Plugin descriptor: PluginDescriptor(name=Code With Me, id=com.jetbrains.codeWithMe, descriptorPath=plugin.xml, path=/opt/goland/plugins/cwm-plugin, version=222.3345.118, package=null, isBundled=true)
2022-08-01 16:15:55,938 [   2016]   WARN - #c.i.o.a.i.ActionManagerImpl - keymap "Visual Studio" not found PluginDescriptor(name=IDEA CORE, id=com.intellij, descriptorPath=plugin.xml, path=/opt/goland/lib, version=222.3345.118, package=com.intellij.feedback, isBundled=true)
2022-08-01 16:15:55,940 [   2018]   WARN - #c.i.o.a.i.ActionManagerImpl - keymap "Eclipse" not found PluginDescriptor(name=IDEA CORE, id=com.intellij, descriptorPath=plugin.xml, path=/opt/goland/lib, version=222.3345.118, package=com.intellij.feedback, isBundled=true)
2022-08-01 16:15:55,940 [   2018]   WARN - #c.i.o.a.i.ActionManagerImpl - keymap "NetBeans 6.5" not found PluginDescriptor(name=IDEA CORE, id=com.intellij, descriptorPath=plugin.xml, path=/opt/goland/lib, version=222.3345.118, package=com.intellij.feedback, isBundled=true)
2022-08-01 16:15:55,940 [   2018]   WARN - #c.i.o.a.i.ActionManagerImpl - keymap "Visual Studio" not found PluginDescriptor(name=IDEA CORE, id=com.intellij, descriptorPath=plugin.xml, path=/opt/goland/lib, version=222.3345.118, package=com.intellij.feedback, isBundled=true)
2022-08-01 16:15:55,953 [   2031]   WARN - #c.i.o.a.i.ActionManagerImpl - keymap "Visual Studio" not found PluginDescriptor(name=HTML Tools, id=HtmlTools, descriptorPath=plugin.xml, path=/opt/goland/plugins/htmltools, version=222.3345.118, package=null, isBundled=true)
2022-08-01 16:15:55,955 [   2033]   WARN - #c.i.o.a.i.ActionManagerImpl - keymap "Eclipse" not found PluginDescriptor(name=GitHub, id=org.jetbrains.plugins.github, descriptorPath=plugin.xml, path=/opt/goland/plugins/github, version=222.3345.118, package=org.jetbrains.plugins.github, isBundled=true)
2022-08-01 16:15:55,957 [   2035]   WARN - #c.i.o.a.i.ActionManagerImpl - keymap "Eclipse" not found PluginDescriptor(name=Space, id=com.jetbrains.space, moduleName=intellij.space.vcs, descriptorPath=intellij.space.vcs.xml, path=/opt/goland/plugins/space, version=222.3345.118, package=com.intellij.space.vcs, isBundled=true)
2022-08-01 16:15:55,957 [   2035]   WARN - #c.i.o.a.i.ActionManagerImpl - keymap "Eclipse" not found PluginDescriptor(name=JavaScript and TypeScript, id=JavaScript, descriptorPath=plugin.xml, path=/opt/goland/plugins/JavaScriptLanguage, version=222.3345.118, package=null, isBundled=true)
2022-08-01 16:15:55,957 [   2035]   WARN - #c.i.o.a.i.ActionManagerImpl - keymap "Visual Studio" not found PluginDescriptor(name=JavaScript and TypeScript, id=JavaScript, descriptorPath=plugin.xml, path=/opt/goland/plugins/JavaScriptLanguage, version=222.3345.118, package=null, isBundled=true)
Info  | RdCoroutineScope          | 35:JobScheduler FJ pool 14/19 | RdCoroutineHost overridden 
2022-08-01 16:15:56,542 [   2620]   WARN - #c.i.u.j.JBCefApp - JCEF runtime version is not supported (Use JBR bundled with the IDE)
